{"/home/student/Desktop/WordCloud18/wordcloud-test/myapp/app.js":{"path":"/home/student/Desktop/WordCloud18/wordcloud-test/myapp/app.js","s":{"1":1,"2":1,"3":1,"4":1,"5":1,"6":1,"7":1,"8":1,"9":1,"10":1,"11":1,"12":1,"13":1,"14":1,"15":1,"16":1,"17":1,"18":0,"19":1,"20":0,"21":1,"22":0,"23":1,"24":0,"25":1,"26":0,"27":1,"28":1,"29":1,"30":1,"31":1,"32":1,"33":1,"34":1,"35":1,"36":1,"37":1,"38":1,"39":1,"40":1,"41":1,"42":4,"43":4,"44":2,"45":2,"46":2,"47":2,"48":2,"49":0,"50":2,"51":1,"52":1,"53":1,"54":207,"55":1,"56":0,"57":1,"58":1,"59":1,"60":1,"61":7,"62":7,"63":7,"64":2,"65":2,"66":2,"67":2,"68":2,"69":0,"70":2,"71":5,"72":3,"73":3,"74":3,"75":0,"76":3,"77":1,"78":2,"79":2,"80":321,"81":2,"82":0,"83":2,"84":2,"85":2,"86":0,"87":2,"88":2,"89":2,"90":1,"91":1,"92":1,"93":0,"94":1,"95":1,"96":0,"97":0,"98":0,"99":0,"100":0,"101":0,"102":0,"103":0,"104":0,"105":0,"106":0,"107":1,"108":1,"109":0,"110":1,"111":0,"112":1,"113":1,"114":290,"115":1,"116":0,"117":1,"118":1,"119":1,"120":0,"121":1,"122":1,"123":0,"124":0,"125":0,"126":0,"127":0,"128":0,"129":0,"130":0,"131":0,"132":0,"133":0,"134":1,"135":5,"136":5,"137":5,"138":5,"139":0,"140":5,"141":2,"142":3,"143":3,"144":3,"145":15,"146":15,"147":15,"148":10,"149":10,"150":10,"151":1330,"152":68,"153":10,"154":5,"155":5,"156":0,"157":5,"158":5,"159":5,"160":5,"161":5,"162":665,"163":34,"164":5,"165":3,"166":0,"167":3,"168":3,"169":3,"170":15,"171":3,"172":15,"173":3,"174":3,"175":24,"176":3,"177":3,"178":1,"179":5,"180":5,"181":5,"182":5,"183":5,"184":0,"185":5,"186":2,"187":3,"188":3,"189":3,"190":15,"191":15,"192":15,"193":13,"194":13,"195":13,"196":2052,"197":115,"198":13,"199":2,"200":2,"201":0,"202":2,"203":2,"204":2,"205":2,"206":2,"207":399,"208":26,"209":2,"210":3,"211":0,"212":3,"213":3,"214":3,"215":15,"216":3,"217":15,"218":3,"219":3,"220":30,"221":3,"222":3,"223":1,"224":8,"225":8,"226":0,"227":8,"228":8,"229":4,"230":4,"231":4,"232":0,"233":4,"234":4,"235":4,"236":1,"237":4,"238":4,"239":0,"240":4,"241":4,"242":4,"243":4,"244":4,"245":4,"246":24,"247":48,"248":48,"249":24,"250":24,"251":0,"252":0,"253":0,"254":0,"255":0,"256":0,"257":0,"258":0,"259":0,"260":0,"261":24,"262":24,"263":0,"264":24,"265":24,"266":24,"267":24,"268":24,"269":4496,"270":3225,"271":3225,"272":2067,"273":830,"274":1237,"275":24,"276":4,"277":0,"278":4,"279":4,"280":24,"281":24,"282":1237,"283":419,"284":818,"285":4,"286":4,"287":818,"288":4,"289":4,"290":1,"291":10,"292":10,"293":10,"294":5,"295":5,"296":0,"297":5,"298":5,"299":2,"300":3,"301":3,"302":3,"303":3,"304":3,"305":5,"306":5,"307":0,"308":5,"309":5,"310":1,"311":4,"312":4,"313":4,"314":4,"315":0,"316":4,"317":4,"318":1,"319":3,"320":3,"321":3,"322":3,"323":3,"324":3,"325":3,"326":1,"327":4,"328":4,"329":4,"330":4,"331":4,"332":0,"333":0,"334":1,"335":1},"b":{"1":[1,1],"2":[2,2],"3":[0,2],"4":[1,1],"5":[0,1],"6":[2,5],"7":[7,5],"8":[0,2],"9":[3,2],"10":[5,3],"11":[0,3],"12":[1,2],"13":[0,2],"14":[0,2],"15":[1,1],"16":[2,1],"17":[0,1],"18":[1,0],"19":[0,0],"20":[0,0],"21":[0,1],"22":[0,1],"23":[0,1],"24":[0,1],"25":[1,0],"26":[0,0],"27":[0,0],"28":[0,5],"29":[2,3],"30":[10,5],"31":[15,10],"32":[68,1262],"33":[0,5],"34":[34,631],"35":[0,3],"36":[0,5],"37":[2,3],"38":[13,2],"39":[15,13],"40":[115,1937],"41":[0,2],"42":[26,373],"43":[0,3],"44":[0,8],"45":[4,4],"46":[0,4],"47":[0,4],"48":[0,24],"49":[24,18],"50":[0,0],"51":[0,0],"52":[0,0],"53":[0,24],"54":[3225,1271],"55":[2067,1158],"56":[830,1237],"57":[0,4],"58":[419,818],"59":[5,5],"60":[0,5],"61":[2,3],"62":[0,5],"63":[1,4],"64":[0,4],"65":[1,3],"66":[4,0]},"f":{"1":0,"2":15,"3":5,"4":3,"5":24,"6":15,"7":2,"8":3,"9":30,"10":24,"11":24,"12":4,"13":1},"fnMap":{"1":{"name":"(anonymous_1)","line":48,"loc":{"start":{"line":48,"column":13},"end":{"line":48,"column":31}}},"2":{"name":"(anonymous_2)","line":301,"loc":{"start":{"line":301,"column":21},"end":{"line":301,"column":45}}},"3":{"name":"(anonymous_3)","line":322,"loc":{"start":{"line":322,"column":9},"end":{"line":322,"column":37}}},"4":{"name":"(anonymous_4)","line":340,"loc":{"start":{"line":340,"column":5},"end":{"line":340,"column":29}}},"5":{"name":"(anonymous_5)","line":351,"loc":{"start":{"line":351,"column":15},"end":{"line":351,"column":29}}},"6":{"name":"(anonymous_6)","line":383,"loc":{"start":{"line":383,"column":21},"end":{"line":383,"column":45}}},"7":{"name":"(anonymous_7)","line":404,"loc":{"start":{"line":404,"column":9},"end":{"line":404,"column":37}}},"8":{"name":"(anonymous_8)","line":422,"loc":{"start":{"line":422,"column":5},"end":{"line":422,"column":29}}},"9":{"name":"(anonymous_9)","line":434,"loc":{"start":{"line":434,"column":15},"end":{"line":434,"column":29}}},"10":{"name":"(anonymous_10)","line":500,"loc":{"start":{"line":500,"column":20},"end":{"line":500,"column":45}}},"11":{"name":"(anonymous_11)","line":532,"loc":{"start":{"line":532,"column":7},"end":{"line":532,"column":40}}},"12":{"name":"(anonymous_12)","line":557,"loc":{"start":{"line":557,"column":5},"end":{"line":557,"column":30}}},"13":{"name":"(anonymous_13)","line":697,"loc":{"start":{"line":697,"column":48},"end":{"line":697,"column":58}}}},"statementMap":{"1":{"start":{"line":1,"column":0},"end":{"line":1,"column":33}},"2":{"start":{"line":2,"column":0},"end":{"line":2,"column":28}},"3":{"start":{"line":3,"column":0},"end":{"line":3,"column":25}},"4":{"start":{"line":4,"column":0},"end":{"line":4,"column":39}},"5":{"start":{"line":6,"column":0},"end":{"line":13,"column":7}},"6":{"start":{"line":17,"column":0},"end":{"line":17,"column":20}},"7":{"start":{"line":18,"column":0},"end":{"line":18,"column":42}},"8":{"start":{"line":19,"column":0},"end":{"line":21,"column":4}},"9":{"start":{"line":25,"column":0},"end":{"line":25,"column":48}},"10":{"start":{"line":26,"column":0},"end":{"line":26,"column":37}},"11":{"start":{"line":27,"column":0},"end":{"line":27,"column":30}},"12":{"start":{"line":28,"column":0},"end":{"line":28,"column":56}},"13":{"start":{"line":31,"column":0},"end":{"line":31,"column":39}},"14":{"start":{"line":33,"column":0},"end":{"line":43,"column":55}},"15":{"start":{"line":45,"column":0},"end":{"line":45,"column":24}},"16":{"start":{"line":46,"column":0},"end":{"line":46,"column":22}},"17":{"start":{"line":48,"column":0},"end":{"line":50,"column":2}},"18":{"start":{"line":49,"column":1},"end":{"line":49,"column":20}},"19":{"start":{"line":52,"column":0},"end":{"line":54,"column":3}},"20":{"start":{"line":53,"column":2},"end":{"line":53,"column":68}},"21":{"start":{"line":56,"column":0},"end":{"line":58,"column":3}},"22":{"start":{"line":57,"column":2},"end":{"line":57,"column":70}},"23":{"start":{"line":61,"column":0},"end":{"line":63,"column":3}},"24":{"start":{"line":62,"column":2},"end":{"line":62,"column":97}},"25":{"start":{"line":65,"column":0},"end":{"line":67,"column":3}},"26":{"start":{"line":66,"column":2},"end":{"line":66,"column":77}},"27":{"start":{"line":69,"column":0},"end":{"line":71,"column":2}},"28":{"start":{"line":70,"column":1},"end":{"line":70,"column":44}},"29":{"start":{"line":73,"column":0},"end":{"line":75,"column":2}},"30":{"start":{"line":74,"column":1},"end":{"line":74,"column":44}},"31":{"start":{"line":77,"column":0},"end":{"line":79,"column":2}},"32":{"start":{"line":78,"column":1},"end":{"line":78,"column":44}},"33":{"start":{"line":81,"column":0},"end":{"line":83,"column":2}},"34":{"start":{"line":82,"column":1},"end":{"line":82,"column":44}},"35":{"start":{"line":85,"column":0},"end":{"line":87,"column":2}},"36":{"start":{"line":86,"column":1},"end":{"line":86,"column":44}},"37":{"start":{"line":89,"column":0},"end":{"line":91,"column":2}},"38":{"start":{"line":90,"column":1},"end":{"line":90,"column":44}},"39":{"start":{"line":93,"column":0},"end":{"line":95,"column":2}},"40":{"start":{"line":94,"column":1},"end":{"line":94,"column":44}},"41":{"start":{"line":97,"column":0},"end":{"line":132,"column":3}},"42":{"start":{"line":98,"column":2},"end":{"line":98,"column":38}},"43":{"start":{"line":99,"column":2},"end":{"line":131,"column":2}},"44":{"start":{"line":100,"column":3},"end":{"line":100,"column":38}},"45":{"start":{"line":101,"column":3},"end":{"line":101,"column":24}},"46":{"start":{"line":102,"column":3},"end":{"line":102,"column":84}},"47":{"start":{"line":105,"column":3},"end":{"line":130,"column":4}},"48":{"start":{"line":113,"column":4},"end":{"line":114,"column":42}},"49":{"start":{"line":114,"column":5},"end":{"line":114,"column":42},"skip":true},"50":{"start":{"line":116,"column":4},"end":{"line":118,"column":5}},"51":{"start":{"line":117,"column":5},"end":{"line":117,"column":57}},"52":{"start":{"line":119,"column":7},"end":{"line":119,"column":37}},"53":{"start":{"line":120,"column":7},"end":{"line":120,"column":69}},"54":{"start":{"line":120,"column":48},"end":{"line":120,"column":59}},"55":{"start":{"line":121,"column":7},"end":{"line":123,"column":8}},"56":{"start":{"line":122,"column":8},"end":{"line":122,"column":37}},"57":{"start":{"line":124,"column":7},"end":{"line":124,"column":38}},"58":{"start":{"line":126,"column":7},"end":{"line":126,"column":30}},"59":{"start":{"line":128,"column":7},"end":{"line":128,"column":90}},"60":{"start":{"line":134,"column":0},"end":{"line":277,"column":2}},"61":{"start":{"line":135,"column":1},"end":{"line":135,"column":33}},"62":{"start":{"line":136,"column":1},"end":{"line":136,"column":34}},"63":{"start":{"line":137,"column":1},"end":{"line":276,"column":2}},"64":{"start":{"line":138,"column":2},"end":{"line":138,"column":34}},"65":{"start":{"line":139,"column":2},"end":{"line":139,"column":34}},"66":{"start":{"line":140,"column":2},"end":{"line":140,"column":34}},"67":{"start":{"line":141,"column":2},"end":{"line":141,"column":23}},"68":{"start":{"line":142,"column":2},"end":{"line":144,"column":3}},"69":{"start":{"line":143,"column":5},"end":{"line":143,"column":32}},"70":{"start":{"line":146,"column":2},"end":{"line":146,"column":83}},"71":{"start":{"line":149,"column":3},"end":{"line":275,"column":4}},"72":{"start":{"line":150,"column":2},"end":{"line":150,"column":34}},"73":{"start":{"line":151,"column":2},"end":{"line":182,"column":4}},"74":{"start":{"line":160,"column":4},"end":{"line":161,"column":42}},"75":{"start":{"line":161,"column":5},"end":{"line":161,"column":42},"skip":true},"76":{"start":{"line":163,"column":4},"end":{"line":165,"column":5}},"77":{"start":{"line":164,"column":5},"end":{"line":164,"column":57}},"78":{"start":{"line":167,"column":7},"end":{"line":167,"column":37}},"79":{"start":{"line":168,"column":7},"end":{"line":168,"column":69}},"80":{"start":{"line":168,"column":48},"end":{"line":168,"column":59}},"81":{"start":{"line":169,"column":7},"end":{"line":171,"column":8}},"82":{"start":{"line":170,"column":8},"end":{"line":170,"column":37}},"83":{"start":{"line":172,"column":7},"end":{"line":172,"column":34}},"84":{"start":{"line":174,"column":7},"end":{"line":174,"column":39}},"85":{"start":{"line":175,"column":7},"end":{"line":177,"column":5}},"86":{"start":{"line":176,"column":5},"end":{"line":176,"column":32}},"87":{"start":{"line":178,"column":4},"end":{"line":178,"column":25}},"88":{"start":{"line":180,"column":7},"end":{"line":180,"column":90}},"89":{"start":{"line":185,"column":4},"end":{"line":274,"column":5}},"90":{"start":{"line":186,"column":3},"end":{"line":186,"column":35}},"91":{"start":{"line":187,"column":3},"end":{"line":217,"column":5}},"92":{"start":{"line":195,"column":5},"end":{"line":196,"column":43}},"93":{"start":{"line":196,"column":6},"end":{"line":196,"column":43},"skip":true},"94":{"start":{"line":198,"column":5},"end":{"line":200,"column":6}},"95":{"start":{"line":199,"column":6},"end":{"line":199,"column":58}},"96":{"start":{"line":202,"column":8},"end":{"line":202,"column":38}},"97":{"start":{"line":203,"column":8},"end":{"line":203,"column":70}},"98":{"start":{"line":203,"column":49},"end":{"line":203,"column":60}},"99":{"start":{"line":204,"column":8},"end":{"line":206,"column":9}},"100":{"start":{"line":205,"column":9},"end":{"line":205,"column":38}},"101":{"start":{"line":207,"column":8},"end":{"line":207,"column":35}},"102":{"start":{"line":209,"column":8},"end":{"line":209,"column":40}},"103":{"start":{"line":210,"column":8},"end":{"line":212,"column":6}},"104":{"start":{"line":211,"column":6},"end":{"line":211,"column":33}},"105":{"start":{"line":213,"column":5},"end":{"line":213,"column":26}},"106":{"start":{"line":215,"column":8},"end":{"line":215,"column":91}},"107":{"start":{"line":220,"column":5},"end":{"line":273,"column":7}},"108":{"start":{"line":228,"column":5},"end":{"line":229,"column":43}},"109":{"start":{"line":229,"column":6},"end":{"line":229,"column":43},"skip":true},"110":{"start":{"line":231,"column":5},"end":{"line":233,"column":6}},"111":{"start":{"line":232,"column":6},"end":{"line":232,"column":58}},"112":{"start":{"line":235,"column":8},"end":{"line":235,"column":39}},"113":{"start":{"line":236,"column":8},"end":{"line":236,"column":73}},"114":{"start":{"line":236,"column":51},"end":{"line":236,"column":63}},"115":{"start":{"line":237,"column":8},"end":{"line":239,"column":9}},"116":{"start":{"line":238,"column":9},"end":{"line":238,"column":40}},"117":{"start":{"line":240,"column":8},"end":{"line":240,"column":36}},"118":{"start":{"line":242,"column":8},"end":{"line":272,"column":10}},"119":{"start":{"line":250,"column":6},"end":{"line":251,"column":44}},"120":{"start":{"line":251,"column":7},"end":{"line":251,"column":44},"skip":true},"121":{"start":{"line":253,"column":8},"end":{"line":255,"column":8}},"122":{"start":{"line":254,"column":7},"end":{"line":254,"column":59}},"123":{"start":{"line":257,"column":9},"end":{"line":257,"column":41}},"124":{"start":{"line":258,"column":9},"end":{"line":258,"column":74}},"125":{"start":{"line":258,"column":52},"end":{"line":258,"column":64}},"126":{"start":{"line":259,"column":9},"end":{"line":261,"column":10}},"127":{"start":{"line":260,"column":10},"end":{"line":260,"column":41}},"128":{"start":{"line":262,"column":9},"end":{"line":262,"column":37}},"129":{"start":{"line":264,"column":9},"end":{"line":264,"column":43}},"130":{"start":{"line":265,"column":6},"end":{"line":267,"column":7}},"131":{"start":{"line":266,"column":7},"end":{"line":266,"column":34}},"132":{"start":{"line":268,"column":6},"end":{"line":268,"column":27}},"133":{"start":{"line":270,"column":8},"end":{"line":270,"column":91}},"134":{"start":{"line":279,"column":0},"end":{"line":358,"column":3}},"135":{"start":{"line":280,"column":1},"end":{"line":280,"column":28}},"136":{"start":{"line":281,"column":1},"end":{"line":281,"column":32}},"137":{"start":{"line":282,"column":1},"end":{"line":357,"column":4}},"138":{"start":{"line":291,"column":4},"end":{"line":292,"column":42}},"139":{"start":{"line":292,"column":5},"end":{"line":292,"column":42},"skip":true},"140":{"start":{"line":294,"column":4},"end":{"line":296,"column":5}},"141":{"start":{"line":295,"column":5},"end":{"line":295,"column":55}},"142":{"start":{"line":299,"column":4},"end":{"line":299,"column":34}},"143":{"start":{"line":300,"column":4},"end":{"line":300,"column":34}},"144":{"start":{"line":301,"column":4},"end":{"line":355,"column":3}},"145":{"start":{"line":302,"column":5},"end":{"line":302,"column":36}},"146":{"start":{"line":303,"column":5},"end":{"line":303,"column":23}},"147":{"start":{"line":304,"column":5},"end":{"line":339,"column":6}},"148":{"start":{"line":305,"column":6},"end":{"line":305,"column":45}},"149":{"start":{"line":306,"column":8},"end":{"line":306,"column":51}},"150":{"start":{"line":307,"column":8},"end":{"line":311,"column":9}},"151":{"start":{"line":308,"column":9},"end":{"line":310,"column":10}},"152":{"start":{"line":309,"column":10},"end":{"line":309,"column":22}},"153":{"start":{"line":312,"column":6},"end":{"line":312,"column":42}},"154":{"start":{"line":315,"column":6},"end":{"line":338,"column":8}},"155":{"start":{"line":324,"column":8},"end":{"line":325,"column":44}},"156":{"start":{"line":325,"column":7},"end":{"line":325,"column":44},"skip":true},"157":{"start":{"line":327,"column":9},"end":{"line":327,"column":45}},"158":{"start":{"line":328,"column":9},"end":{"line":328,"column":66}},"159":{"start":{"line":329,"column":9},"end":{"line":329,"column":50}},"160":{"start":{"line":330,"column":9},"end":{"line":330,"column":52}},"161":{"start":{"line":331,"column":9},"end":{"line":335,"column":10}},"162":{"start":{"line":332,"column":10},"end":{"line":334,"column":11}},"163":{"start":{"line":333,"column":11},"end":{"line":333,"column":23}},"164":{"start":{"line":337,"column":8},"end":{"line":337,"column":46}},"165":{"start":{"line":342,"column":4},"end":{"line":343,"column":43}},"166":{"start":{"line":343,"column":6},"end":{"line":343,"column":43},"skip":true},"167":{"start":{"line":344,"column":4},"end":{"line":344,"column":35}},"168":{"start":{"line":345,"column":4},"end":{"line":345,"column":19}},"169":{"start":{"line":346,"column":4},"end":{"line":348,"column":5}},"170":{"start":{"line":347,"column":5},"end":{"line":347,"column":30}},"171":{"start":{"line":349,"column":3},"end":{"line":349,"column":66}},"172":{"start":{"line":349,"column":45},"end":{"line":349,"column":56}},"173":{"start":{"line":350,"column":4},"end":{"line":350,"column":29}},"174":{"start":{"line":351,"column":4},"end":{"line":351,"column":43}},"175":{"start":{"line":351,"column":30},"end":{"line":351,"column":40}},"176":{"start":{"line":352,"column":4},"end":{"line":352,"column":25}},"177":{"start":{"line":353,"column":4},"end":{"line":353,"column":91}},"178":{"start":{"line":360,"column":0},"end":{"line":441,"column":3}},"179":{"start":{"line":361,"column":1},"end":{"line":361,"column":28}},"180":{"start":{"line":362,"column":1},"end":{"line":362,"column":32}},"181":{"start":{"line":363,"column":1},"end":{"line":363,"column":34}},"182":{"start":{"line":364,"column":1},"end":{"line":440,"column":4}},"183":{"start":{"line":374,"column":4},"end":{"line":375,"column":42}},"184":{"start":{"line":375,"column":5},"end":{"line":375,"column":42},"skip":true},"185":{"start":{"line":377,"column":4},"end":{"line":379,"column":5}},"186":{"start":{"line":378,"column":5},"end":{"line":378,"column":55}},"187":{"start":{"line":381,"column":4},"end":{"line":381,"column":34}},"188":{"start":{"line":382,"column":4},"end":{"line":382,"column":34}},"189":{"start":{"line":383,"column":4},"end":{"line":438,"column":3}},"190":{"start":{"line":384,"column":5},"end":{"line":384,"column":36}},"191":{"start":{"line":385,"column":5},"end":{"line":385,"column":23}},"192":{"start":{"line":386,"column":5},"end":{"line":421,"column":6}},"193":{"start":{"line":387,"column":6},"end":{"line":387,"column":45}},"194":{"start":{"line":388,"column":8},"end":{"line":388,"column":51}},"195":{"start":{"line":389,"column":8},"end":{"line":393,"column":9}},"196":{"start":{"line":390,"column":9},"end":{"line":392,"column":10}},"197":{"start":{"line":391,"column":10},"end":{"line":391,"column":22}},"198":{"start":{"line":394,"column":6},"end":{"line":394,"column":42}},"199":{"start":{"line":397,"column":6},"end":{"line":420,"column":8}},"200":{"start":{"line":406,"column":8},"end":{"line":407,"column":44}},"201":{"start":{"line":407,"column":7},"end":{"line":407,"column":44},"skip":true},"202":{"start":{"line":409,"column":9},"end":{"line":409,"column":45}},"203":{"start":{"line":410,"column":9},"end":{"line":410,"column":66}},"204":{"start":{"line":411,"column":9},"end":{"line":411,"column":50}},"205":{"start":{"line":412,"column":9},"end":{"line":412,"column":52}},"206":{"start":{"line":413,"column":9},"end":{"line":417,"column":10}},"207":{"start":{"line":414,"column":10},"end":{"line":416,"column":11}},"208":{"start":{"line":415,"column":11},"end":{"line":415,"column":23}},"209":{"start":{"line":419,"column":8},"end":{"line":419,"column":46}},"210":{"start":{"line":424,"column":5},"end":{"line":425,"column":43}},"211":{"start":{"line":425,"column":6},"end":{"line":425,"column":43},"skip":true},"212":{"start":{"line":427,"column":4},"end":{"line":427,"column":35}},"213":{"start":{"line":428,"column":4},"end":{"line":428,"column":19}},"214":{"start":{"line":429,"column":4},"end":{"line":431,"column":5}},"215":{"start":{"line":430,"column":5},"end":{"line":430,"column":30}},"216":{"start":{"line":432,"column":3},"end":{"line":432,"column":66}},"217":{"start":{"line":432,"column":45},"end":{"line":432,"column":56}},"218":{"start":{"line":433,"column":4},"end":{"line":433,"column":29}},"219":{"start":{"line":434,"column":4},"end":{"line":434,"column":43}},"220":{"start":{"line":434,"column":30},"end":{"line":434,"column":40}},"221":{"start":{"line":435,"column":4},"end":{"line":435,"column":25}},"222":{"start":{"line":436,"column":4},"end":{"line":436,"column":91}},"223":{"start":{"line":443,"column":0},"end":{"line":478,"column":3}},"224":{"start":{"line":444,"column":2},"end":{"line":477,"column":4}},"225":{"start":{"line":454,"column":6},"end":{"line":455,"column":41}},"226":{"start":{"line":455,"column":4},"end":{"line":455,"column":41},"skip":true},"227":{"start":{"line":457,"column":6},"end":{"line":457,"column":45}},"228":{"start":{"line":458,"column":6},"end":{"line":460,"column":7}},"229":{"start":{"line":459,"column":5},"end":{"line":459,"column":57}},"230":{"start":{"line":461,"column":6},"end":{"line":474,"column":7}},"231":{"start":{"line":468,"column":7},"end":{"line":469,"column":41}},"232":{"start":{"line":469,"column":4},"end":{"line":469,"column":41},"skip":true},"233":{"start":{"line":471,"column":6},"end":{"line":471,"column":37}},"234":{"start":{"line":472,"column":6},"end":{"line":472,"column":23}},"235":{"start":{"line":473,"column":6},"end":{"line":473,"column":23}},"236":{"start":{"line":480,"column":0},"end":{"line":582,"column":2}},"237":{"start":{"line":481,"column":1},"end":{"line":581,"column":3}},"238":{"start":{"line":491,"column":3},"end":{"line":492,"column":41}},"239":{"start":{"line":492,"column":4},"end":{"line":492,"column":41},"skip":true},"240":{"start":{"line":494,"column":2},"end":{"line":494,"column":32}},"241":{"start":{"line":495,"column":2},"end":{"line":495,"column":78}},"242":{"start":{"line":496,"column":2},"end":{"line":496,"column":74}},"243":{"start":{"line":497,"column":3},"end":{"line":497,"column":63}},"244":{"start":{"line":498,"column":3},"end":{"line":498,"column":30}},"245":{"start":{"line":500,"column":2},"end":{"line":580,"column":4}},"246":{"start":{"line":501,"column":3},"end":{"line":504,"column":4}},"247":{"start":{"line":502,"column":4},"end":{"line":502,"column":24}},"248":{"start":{"line":503,"column":4},"end":{"line":503,"column":29}},"249":{"start":{"line":505,"column":3},"end":{"line":505,"column":25}},"250":{"start":{"line":507,"column":3},"end":{"line":556,"column":4}},"251":{"start":{"line":508,"column":4},"end":{"line":508,"column":39},"skip":true},"252":{"start":{"line":509,"column":4},"end":{"line":509,"column":47},"skip":true},"253":{"start":{"line":510,"column":4},"end":{"line":522,"column":5},"skip":true},"254":{"start":{"line":511,"column":5},"end":{"line":521,"column":6},"skip":true},"255":{"start":{"line":512,"column":6},"end":{"line":512,"column":58},"skip":true},"256":{"start":{"line":513,"column":6},"end":{"line":520,"column":7},"skip":true},"257":{"start":{"line":514,"column":7},"end":{"line":519,"column":8},"skip":true},"258":{"start":{"line":515,"column":8},"end":{"line":515,"column":43},"skip":true},"259":{"start":{"line":518,"column":8},"end":{"line":518,"column":27},"skip":true},"260":{"start":{"line":523,"column":4},"end":{"line":523,"column":25},"skip":true},"261":{"start":{"line":526,"column":4},"end":{"line":555,"column":6}},"262":{"start":{"line":534,"column":6},"end":{"line":535,"column":44}},"263":{"start":{"line":535,"column":7},"end":{"line":535,"column":44},"skip":true},"264":{"start":{"line":537,"column":5},"end":{"line":537,"column":41}},"265":{"start":{"line":538,"column":9},"end":{"line":538,"column":66}},"266":{"start":{"line":539,"column":9},"end":{"line":539,"column":51}},"267":{"start":{"line":540,"column":5},"end":{"line":540,"column":48}},"268":{"start":{"line":541,"column":5},"end":{"line":553,"column":6}},"269":{"start":{"line":542,"column":6},"end":{"line":552,"column":7}},"270":{"start":{"line":543,"column":7},"end":{"line":543,"column":59}},"271":{"start":{"line":544,"column":7},"end":{"line":551,"column":8}},"272":{"start":{"line":545,"column":8},"end":{"line":550,"column":9}},"273":{"start":{"line":546,"column":9},"end":{"line":546,"column":44}},"274":{"start":{"line":549,"column":9},"end":{"line":549,"column":28}},"275":{"start":{"line":554,"column":5},"end":{"line":554,"column":26}},"276":{"start":{"line":559,"column":4},"end":{"line":560,"column":42}},"277":{"start":{"line":560,"column":5},"end":{"line":560,"column":42},"skip":true},"278":{"start":{"line":562,"column":3},"end":{"line":562,"column":28}},"279":{"start":{"line":563,"column":3},"end":{"line":573,"column":4}},"280":{"start":{"line":564,"column":4},"end":{"line":564,"column":25}},"281":{"start":{"line":565,"column":4},"end":{"line":572,"column":5}},"282":{"start":{"line":566,"column":5},"end":{"line":571,"column":6}},"283":{"start":{"line":567,"column":6},"end":{"line":567,"column":61}},"284":{"start":{"line":570,"column":6},"end":{"line":570,"column":40}},"285":{"start":{"line":574,"column":3},"end":{"line":574,"column":33}},"286":{"start":{"line":575,"column":3},"end":{"line":577,"column":4}},"287":{"start":{"line":576,"column":4},"end":{"line":576,"column":15}},"288":{"start":{"line":578,"column":3},"end":{"line":578,"column":19}},"289":{"start":{"line":579,"column":3},"end":{"line":579,"column":33}},"290":{"start":{"line":586,"column":0},"end":{"line":681,"column":3}},"291":{"start":{"line":587,"column":2},"end":{"line":587,"column":33}},"292":{"start":{"line":588,"column":2},"end":{"line":588,"column":35}},"293":{"start":{"line":589,"column":2},"end":{"line":680,"column":3}},"294":{"start":{"line":590,"column":3},"end":{"line":618,"column":5}},"295":{"start":{"line":602,"column":7},"end":{"line":603,"column":42}},"296":{"start":{"line":603,"column":5},"end":{"line":603,"column":42},"skip":true},"297":{"start":{"line":605,"column":7},"end":{"line":605,"column":42}},"298":{"start":{"line":607,"column":4},"end":{"line":609,"column":5}},"299":{"start":{"line":608,"column":5},"end":{"line":608,"column":55}},"300":{"start":{"line":611,"column":7},"end":{"line":611,"column":88}},"301":{"start":{"line":612,"column":7},"end":{"line":612,"column":84}},"302":{"start":{"line":613,"column":5},"end":{"line":613,"column":64}},"303":{"start":{"line":615,"column":7},"end":{"line":615,"column":24}},"304":{"start":{"line":616,"column":7},"end":{"line":616,"column":39}},"305":{"start":{"line":621,"column":3},"end":{"line":679,"column":4}},"306":{"start":{"line":633,"column":7},"end":{"line":634,"column":42}},"307":{"start":{"line":634,"column":5},"end":{"line":634,"column":42},"skip":true},"308":{"start":{"line":636,"column":7},"end":{"line":636,"column":43}},"309":{"start":{"line":638,"column":4},"end":{"line":640,"column":5}},"310":{"start":{"line":639,"column":5},"end":{"line":639,"column":55}},"311":{"start":{"line":642,"column":7},"end":{"line":642,"column":86}},"312":{"start":{"line":643,"column":7},"end":{"line":643,"column":90}},"313":{"start":{"line":646,"column":7},"end":{"line":678,"column":3}},"314":{"start":{"line":658,"column":7},"end":{"line":659,"column":43}},"315":{"start":{"line":659,"column":6},"end":{"line":659,"column":43},"skip":true},"316":{"start":{"line":661,"column":6},"end":{"line":661,"column":43}},"317":{"start":{"line":663,"column":6},"end":{"line":665,"column":6}},"318":{"start":{"line":664,"column":6},"end":{"line":664,"column":56}},"319":{"start":{"line":667,"column":9},"end":{"line":667,"column":88}},"320":{"start":{"line":668,"column":9},"end":{"line":668,"column":92}},"321":{"start":{"line":670,"column":9},"end":{"line":670,"column":55}},"322":{"start":{"line":671,"column":9},"end":{"line":671,"column":61}},"323":{"start":{"line":673,"column":7},"end":{"line":673,"column":66}},"324":{"start":{"line":674,"column":6},"end":{"line":674,"column":23}},"325":{"start":{"line":675,"column":6},"end":{"line":675,"column":38}},"326":{"start":{"line":683,"column":0},"end":{"line":694,"column":2}},"327":{"start":{"line":684,"column":1},"end":{"line":684,"column":29}},"328":{"start":{"line":685,"column":1},"end":{"line":685,"column":32}},"329":{"start":{"line":686,"column":1},"end":{"line":686,"column":28}},"330":{"start":{"line":687,"column":1},"end":{"line":693,"column":2}},"331":{"start":{"line":688,"column":2},"end":{"line":688,"column":44}},"332":{"start":{"line":691,"column":2},"end":{"line":691,"column":36}},"333":{"start":{"line":692,"column":2},"end":{"line":692,"column":88}},"334":{"start":{"line":697,"column":1},"end":{"line":699,"column":4}},"335":{"start":{"line":698,"column":3},"end":{"line":698,"column":70}}},"branchMap":{"1":{"line":18,"type":"binary-expr","locations":[{"start":{"line":18,"column":16},"end":{"line":18,"column":32}},{"start":{"line":18,"column":36},"end":{"line":18,"column":40}}]},"2":{"line":99,"type":"if","locations":[{"start":{"line":99,"column":2},"end":{"line":99,"column":2}},{"start":{"line":99,"column":2},"end":{"line":99,"column":2}}]},"3":{"line":113,"type":"if","locations":[{"start":{"line":113,"column":4},"end":{"line":113,"column":4},"skip":true},{"start":{"line":113,"column":4},"end":{"line":113,"column":4}}]},"4":{"line":116,"type":"if","locations":[{"start":{"line":116,"column":4},"end":{"line":116,"column":4}},{"start":{"line":116,"column":4},"end":{"line":116,"column":4}}]},"5":{"line":121,"type":"if","locations":[{"start":{"line":121,"column":7},"end":{"line":121,"column":7}},{"start":{"line":121,"column":7},"end":{"line":121,"column":7}}]},"6":{"line":137,"type":"if","locations":[{"start":{"line":137,"column":1},"end":{"line":137,"column":1}},{"start":{"line":137,"column":1},"end":{"line":137,"column":1}}]},"7":{"line":137,"type":"binary-expr","locations":[{"start":{"line":137,"column":5},"end":{"line":137,"column":23}},{"start":{"line":137,"column":27},"end":{"line":137,"column":45}}]},"8":{"line":142,"type":"if","locations":[{"start":{"line":142,"column":2},"end":{"line":142,"column":2}},{"start":{"line":142,"column":2},"end":{"line":142,"column":2}}]},"9":{"line":149,"type":"if","locations":[{"start":{"line":149,"column":3},"end":{"line":149,"column":3}},{"start":{"line":149,"column":3},"end":{"line":149,"column":3}}]},"10":{"line":149,"type":"binary-expr","locations":[{"start":{"line":149,"column":7},"end":{"line":149,"column":25}},{"start":{"line":149,"column":29},"end":{"line":149,"column":48}}]},"11":{"line":160,"type":"if","locations":[{"start":{"line":160,"column":4},"end":{"line":160,"column":4},"skip":true},{"start":{"line":160,"column":4},"end":{"line":160,"column":4}}]},"12":{"line":163,"type":"if","locations":[{"start":{"line":163,"column":4},"end":{"line":163,"column":4}},{"start":{"line":163,"column":4},"end":{"line":163,"column":4}}]},"13":{"line":169,"type":"if","locations":[{"start":{"line":169,"column":7},"end":{"line":169,"column":7}},{"start":{"line":169,"column":7},"end":{"line":169,"column":7}}]},"14":{"line":175,"type":"if","locations":[{"start":{"line":175,"column":7},"end":{"line":175,"column":7}},{"start":{"line":175,"column":7},"end":{"line":175,"column":7}}]},"15":{"line":185,"type":"if","locations":[{"start":{"line":185,"column":4},"end":{"line":185,"column":4}},{"start":{"line":185,"column":4},"end":{"line":185,"column":4}}]},"16":{"line":185,"type":"binary-expr","locations":[{"start":{"line":185,"column":8},"end":{"line":185,"column":26}},{"start":{"line":185,"column":30},"end":{"line":185,"column":49}}]},"17":{"line":195,"type":"if","locations":[{"start":{"line":195,"column":5},"end":{"line":195,"column":5},"skip":true},{"start":{"line":195,"column":5},"end":{"line":195,"column":5}}]},"18":{"line":198,"type":"if","locations":[{"start":{"line":198,"column":5},"end":{"line":198,"column":5}},{"start":{"line":198,"column":5},"end":{"line":198,"column":5}}]},"19":{"line":204,"type":"if","locations":[{"start":{"line":204,"column":8},"end":{"line":204,"column":8}},{"start":{"line":204,"column":8},"end":{"line":204,"column":8}}]},"20":{"line":210,"type":"if","locations":[{"start":{"line":210,"column":8},"end":{"line":210,"column":8}},{"start":{"line":210,"column":8},"end":{"line":210,"column":8}}]},"21":{"line":228,"type":"if","locations":[{"start":{"line":228,"column":5},"end":{"line":228,"column":5},"skip":true},{"start":{"line":228,"column":5},"end":{"line":228,"column":5}}]},"22":{"line":231,"type":"if","locations":[{"start":{"line":231,"column":5},"end":{"line":231,"column":5}},{"start":{"line":231,"column":5},"end":{"line":231,"column":5}}]},"23":{"line":237,"type":"if","locations":[{"start":{"line":237,"column":8},"end":{"line":237,"column":8}},{"start":{"line":237,"column":8},"end":{"line":237,"column":8}}]},"24":{"line":250,"type":"if","locations":[{"start":{"line":250,"column":6},"end":{"line":250,"column":6},"skip":true},{"start":{"line":250,"column":6},"end":{"line":250,"column":6}}]},"25":{"line":253,"type":"if","locations":[{"start":{"line":253,"column":8},"end":{"line":253,"column":8}},{"start":{"line":253,"column":8},"end":{"line":253,"column":8}}]},"26":{"line":259,"type":"if","locations":[{"start":{"line":259,"column":9},"end":{"line":259,"column":9}},{"start":{"line":259,"column":9},"end":{"line":259,"column":9}}]},"27":{"line":265,"type":"if","locations":[{"start":{"line":265,"column":6},"end":{"line":265,"column":6}},{"start":{"line":265,"column":6},"end":{"line":265,"column":6}}]},"28":{"line":291,"type":"if","locations":[{"start":{"line":291,"column":4},"end":{"line":291,"column":4},"skip":true},{"start":{"line":291,"column":4},"end":{"line":291,"column":4}}]},"29":{"line":294,"type":"if","locations":[{"start":{"line":294,"column":4},"end":{"line":294,"column":4}},{"start":{"line":294,"column":4},"end":{"line":294,"column":4}}]},"30":{"line":304,"type":"if","locations":[{"start":{"line":304,"column":5},"end":{"line":304,"column":5}},{"start":{"line":304,"column":5},"end":{"line":304,"column":5}}]},"31":{"line":304,"type":"binary-expr","locations":[{"start":{"line":304,"column":9},"end":{"line":304,"column":31}},{"start":{"line":304,"column":35},"end":{"line":304,"column":71}}]},"32":{"line":308,"type":"if","locations":[{"start":{"line":308,"column":9},"end":{"line":308,"column":9}},{"start":{"line":308,"column":9},"end":{"line":308,"column":9}}]},"33":{"line":324,"type":"if","locations":[{"start":{"line":324,"column":8},"end":{"line":324,"column":8},"skip":true},{"start":{"line":324,"column":8},"end":{"line":324,"column":8}}]},"34":{"line":332,"type":"if","locations":[{"start":{"line":332,"column":10},"end":{"line":332,"column":10}},{"start":{"line":332,"column":10},"end":{"line":332,"column":10}}]},"35":{"line":342,"type":"if","locations":[{"start":{"line":342,"column":4},"end":{"line":342,"column":4},"skip":true},{"start":{"line":342,"column":4},"end":{"line":342,"column":4}}]},"36":{"line":374,"type":"if","locations":[{"start":{"line":374,"column":4},"end":{"line":374,"column":4},"skip":true},{"start":{"line":374,"column":4},"end":{"line":374,"column":4}}]},"37":{"line":377,"type":"if","locations":[{"start":{"line":377,"column":4},"end":{"line":377,"column":4}},{"start":{"line":377,"column":4},"end":{"line":377,"column":4}}]},"38":{"line":386,"type":"if","locations":[{"start":{"line":386,"column":5},"end":{"line":386,"column":5}},{"start":{"line":386,"column":5},"end":{"line":386,"column":5}}]},"39":{"line":386,"type":"binary-expr","locations":[{"start":{"line":386,"column":9},"end":{"line":386,"column":31}},{"start":{"line":386,"column":35},"end":{"line":386,"column":71}}]},"40":{"line":390,"type":"if","locations":[{"start":{"line":390,"column":9},"end":{"line":390,"column":9}},{"start":{"line":390,"column":9},"end":{"line":390,"column":9}}]},"41":{"line":406,"type":"if","locations":[{"start":{"line":406,"column":8},"end":{"line":406,"column":8},"skip":true},{"start":{"line":406,"column":8},"end":{"line":406,"column":8}}]},"42":{"line":414,"type":"if","locations":[{"start":{"line":414,"column":10},"end":{"line":414,"column":10}},{"start":{"line":414,"column":10},"end":{"line":414,"column":10}}]},"43":{"line":424,"type":"if","locations":[{"start":{"line":424,"column":5},"end":{"line":424,"column":5},"skip":true},{"start":{"line":424,"column":5},"end":{"line":424,"column":5}}]},"44":{"line":454,"type":"if","locations":[{"start":{"line":454,"column":6},"end":{"line":454,"column":6},"skip":true},{"start":{"line":454,"column":6},"end":{"line":454,"column":6}}]},"45":{"line":458,"type":"if","locations":[{"start":{"line":458,"column":6},"end":{"line":458,"column":6}},{"start":{"line":458,"column":6},"end":{"line":458,"column":6}}]},"46":{"line":468,"type":"if","locations":[{"start":{"line":468,"column":7},"end":{"line":468,"column":7},"skip":true},{"start":{"line":468,"column":7},"end":{"line":468,"column":7}}]},"47":{"line":491,"type":"if","locations":[{"start":{"line":491,"column":3},"end":{"line":491,"column":3},"skip":true},{"start":{"line":491,"column":3},"end":{"line":491,"column":3}}]},"48":{"line":507,"type":"if","locations":[{"start":{"line":507,"column":3},"end":{"line":507,"column":3},"skip":true},{"start":{"line":507,"column":3},"end":{"line":507,"column":3}}]},"49":{"line":507,"type":"binary-expr","locations":[{"start":{"line":507,"column":7},"end":{"line":507,"column":29}},{"start":{"line":507,"column":33},"end":{"line":507,"column":70}}]},"50":{"line":511,"type":"if","locations":[{"start":{"line":511,"column":5},"end":{"line":511,"column":5},"skip":true},{"start":{"line":511,"column":5},"end":{"line":511,"column":5},"skip":true}]},"51":{"line":513,"type":"if","locations":[{"start":{"line":513,"column":6},"end":{"line":513,"column":6},"skip":true},{"start":{"line":513,"column":6},"end":{"line":513,"column":6},"skip":true}]},"52":{"line":514,"type":"if","locations":[{"start":{"line":514,"column":7},"end":{"line":514,"column":7},"skip":true},{"start":{"line":514,"column":7},"end":{"line":514,"column":7},"skip":true}]},"53":{"line":534,"type":"if","locations":[{"start":{"line":534,"column":6},"end":{"line":534,"column":6},"skip":true},{"start":{"line":534,"column":6},"end":{"line":534,"column":6}}]},"54":{"line":542,"type":"if","locations":[{"start":{"line":542,"column":6},"end":{"line":542,"column":6}},{"start":{"line":542,"column":6},"end":{"line":542,"column":6}}]},"55":{"line":544,"type":"if","locations":[{"start":{"line":544,"column":7},"end":{"line":544,"column":7}},{"start":{"line":544,"column":7},"end":{"line":544,"column":7}}]},"56":{"line":545,"type":"if","locations":[{"start":{"line":545,"column":8},"end":{"line":545,"column":8}},{"start":{"line":545,"column":8},"end":{"line":545,"column":8}}]},"57":{"line":559,"type":"if","locations":[{"start":{"line":559,"column":4},"end":{"line":559,"column":4},"skip":true},{"start":{"line":559,"column":4},"end":{"line":559,"column":4}}]},"58":{"line":566,"type":"if","locations":[{"start":{"line":566,"column":5},"end":{"line":566,"column":5}},{"start":{"line":566,"column":5},"end":{"line":566,"column":5}}]},"59":{"line":589,"type":"if","locations":[{"start":{"line":589,"column":2},"end":{"line":589,"column":2}},{"start":{"line":589,"column":2},"end":{"line":589,"column":2}}]},"60":{"line":602,"type":"if","locations":[{"start":{"line":602,"column":7},"end":{"line":602,"column":7},"skip":true},{"start":{"line":602,"column":7},"end":{"line":602,"column":7}}]},"61":{"line":607,"type":"if","locations":[{"start":{"line":607,"column":4},"end":{"line":607,"column":4}},{"start":{"line":607,"column":4},"end":{"line":607,"column":4}}]},"62":{"line":633,"type":"if","locations":[{"start":{"line":633,"column":7},"end":{"line":633,"column":7},"skip":true},{"start":{"line":633,"column":7},"end":{"line":633,"column":7}}]},"63":{"line":638,"type":"if","locations":[{"start":{"line":638,"column":4},"end":{"line":638,"column":4}},{"start":{"line":638,"column":4},"end":{"line":638,"column":4}}]},"64":{"line":658,"type":"if","locations":[{"start":{"line":658,"column":7},"end":{"line":658,"column":7},"skip":true},{"start":{"line":658,"column":7},"end":{"line":658,"column":7}}]},"65":{"line":663,"type":"if","locations":[{"start":{"line":663,"column":6},"end":{"line":663,"column":6}},{"start":{"line":663,"column":6},"end":{"line":663,"column":6}}]},"66":{"line":687,"type":"if","locations":[{"start":{"line":687,"column":1},"end":{"line":687,"column":1}},{"start":{"line":687,"column":1},"end":{"line":687,"column":1}}]}}}}