TN:
SF:/home/student/Desktop/WordCloud18/wordcloud-test/myapp/app.js
FN:48,(anonymous_1)
FN:301,(anonymous_2)
FN:322,(anonymous_3)
FN:340,(anonymous_4)
FN:351,(anonymous_5)
FN:383,(anonymous_6)
FN:404,(anonymous_7)
FN:422,(anonymous_8)
FN:434,(anonymous_9)
FN:500,(anonymous_10)
FN:532,(anonymous_11)
FN:557,(anonymous_12)
FN:697,(anonymous_13)
FNF:13
FNH:12
FNDA:0,(anonymous_1)
FNDA:15,(anonymous_2)
FNDA:5,(anonymous_3)
FNDA:3,(anonymous_4)
FNDA:24,(anonymous_5)
FNDA:15,(anonymous_6)
FNDA:2,(anonymous_7)
FNDA:3,(anonymous_8)
FNDA:30,(anonymous_9)
FNDA:24,(anonymous_10)
FNDA:24,(anonymous_11)
FNDA:4,(anonymous_12)
FNDA:1,(anonymous_13)
DA:1,1
DA:2,1
DA:3,1
DA:4,1
DA:6,1
DA:17,1
DA:18,1
DA:19,1
DA:25,1
DA:26,1
DA:27,1
DA:28,1
DA:31,1
DA:33,1
DA:45,1
DA:46,1
DA:48,1
DA:49,0
DA:52,1
DA:53,0
DA:56,1
DA:57,0
DA:61,1
DA:62,0
DA:65,1
DA:66,0
DA:69,1
DA:70,1
DA:73,1
DA:74,1
DA:77,1
DA:78,1
DA:81,1
DA:82,1
DA:85,1
DA:86,1
DA:89,1
DA:90,1
DA:93,1
DA:94,1
DA:97,1
DA:98,4
DA:99,4
DA:100,2
DA:101,2
DA:102,2
DA:105,2
DA:113,2
DA:114,1
DA:116,2
DA:117,1
DA:119,1
DA:120,207
DA:121,1
DA:122,0
DA:124,1
DA:126,1
DA:128,1
DA:134,1
DA:135,7
DA:136,7
DA:137,7
DA:138,2
DA:139,2
DA:140,2
DA:141,2
DA:142,2
DA:143,0
DA:146,2
DA:149,5
DA:150,3
DA:151,3
DA:160,3
DA:161,1
DA:163,3
DA:164,1
DA:167,2
DA:168,321
DA:169,2
DA:170,0
DA:172,2
DA:174,2
DA:175,2
DA:176,0
DA:178,2
DA:180,2
DA:185,2
DA:186,1
DA:187,1
DA:195,1
DA:196,1
DA:198,1
DA:199,1
DA:202,0
DA:203,0
DA:204,0
DA:205,0
DA:207,0
DA:209,0
DA:210,0
DA:211,0
DA:213,0
DA:215,0
DA:220,1
DA:228,1
DA:229,1
DA:231,1
DA:232,0
DA:235,1
DA:236,290
DA:237,1
DA:238,0
DA:240,1
DA:242,1
DA:250,1
DA:251,1
DA:253,1
DA:254,1
DA:257,0
DA:258,0
DA:259,0
DA:260,0
DA:262,0
DA:264,0
DA:265,0
DA:266,0
DA:268,0
DA:270,0
DA:279,1
DA:280,5
DA:281,5
DA:282,5
DA:291,5
DA:292,1
DA:294,5
DA:295,2
DA:299,3
DA:300,3
DA:301,3
DA:302,15
DA:303,15
DA:304,15
DA:305,10
DA:306,10
DA:307,10
DA:308,1330
DA:309,68
DA:312,10
DA:315,5
DA:324,5
DA:325,1
DA:327,5
DA:328,5
DA:329,5
DA:330,5
DA:331,5
DA:332,665
DA:333,34
DA:337,5
DA:342,3
DA:343,1
DA:344,3
DA:345,3
DA:346,3
DA:347,15
DA:349,15
DA:350,3
DA:351,24
DA:352,3
DA:353,3
DA:360,1
DA:361,5
DA:362,5
DA:363,5
DA:364,5
DA:374,5
DA:375,1
DA:377,5
DA:378,2
DA:381,3
DA:382,3
DA:383,3
DA:384,15
DA:385,15
DA:386,15
DA:387,13
DA:388,13
DA:389,13
DA:390,2052
DA:391,115
DA:394,13
DA:397,2
DA:406,2
DA:407,1
DA:409,2
DA:410,2
DA:411,2
DA:412,2
DA:413,2
DA:414,399
DA:415,26
DA:419,2
DA:424,3
DA:425,1
DA:427,3
DA:428,3
DA:429,3
DA:430,15
DA:432,15
DA:433,3
DA:434,30
DA:435,3
DA:436,3
DA:443,1
DA:444,8
DA:454,8
DA:455,1
DA:457,8
DA:458,8
DA:459,4
DA:461,4
DA:468,4
DA:469,1
DA:471,4
DA:472,4
DA:473,4
DA:480,1
DA:481,4
DA:491,4
DA:492,1
DA:494,4
DA:495,4
DA:496,4
DA:497,4
DA:498,4
DA:500,4
DA:501,24
DA:502,48
DA:503,48
DA:505,24
DA:507,24
DA:508,1
DA:509,1
DA:510,1
DA:511,1
DA:512,1
DA:513,1
DA:514,1
DA:515,1
DA:518,1
DA:523,1
DA:526,24
DA:534,24
DA:535,1
DA:537,24
DA:538,24
DA:539,24
DA:540,24
DA:541,24
DA:542,4496
DA:543,3225
DA:544,3225
DA:545,2067
DA:546,830
DA:549,1237
DA:554,24
DA:559,4
DA:560,1
DA:562,4
DA:563,4
DA:564,24
DA:565,24
DA:566,1237
DA:567,419
DA:570,818
DA:574,4
DA:575,4
DA:576,818
DA:578,4
DA:579,4
DA:586,1
DA:587,10
DA:588,10
DA:589,10
DA:590,5
DA:602,5
DA:603,1
DA:605,5
DA:607,5
DA:608,2
DA:611,3
DA:612,3
DA:613,3
DA:615,3
DA:616,3
DA:621,5
DA:633,5
DA:634,1
DA:636,5
DA:638,5
DA:639,1
DA:642,4
DA:643,4
DA:646,4
DA:658,4
DA:659,1
DA:661,4
DA:663,4
DA:664,1
DA:667,3
DA:668,3
DA:670,3
DA:671,3
DA:673,3
DA:674,3
DA:675,3
DA:683,1
DA:684,4
DA:685,4
DA:686,4
DA:687,4
DA:688,4
DA:691,0
DA:692,0
DA:697,1
DA:698,1
LF:326
LH:293
BRDA:18,1,0,1
BRDA:18,1,1,1
BRDA:99,2,0,2
BRDA:99,2,1,2
BRDA:113,3,0,0
BRDA:113,3,1,2
BRDA:116,4,0,1
BRDA:116,4,1,1
BRDA:121,5,0,0
BRDA:121,5,1,1
BRDA:137,6,0,2
BRDA:137,6,1,5
BRDA:137,7,0,7
BRDA:137,7,1,5
BRDA:142,8,0,0
BRDA:142,8,1,2
BRDA:149,9,0,3
BRDA:149,9,1,2
BRDA:149,10,0,5
BRDA:149,10,1,3
BRDA:160,11,0,0
BRDA:160,11,1,3
BRDA:163,12,0,1
BRDA:163,12,1,2
BRDA:169,13,0,0
BRDA:169,13,1,2
BRDA:175,14,0,0
BRDA:175,14,1,2
BRDA:185,15,0,1
BRDA:185,15,1,1
BRDA:185,16,0,2
BRDA:185,16,1,1
BRDA:195,17,0,0
BRDA:195,17,1,1
BRDA:198,18,0,1
BRDA:198,18,1,0
BRDA:204,19,0,0
BRDA:204,19,1,0
BRDA:210,20,0,0
BRDA:210,20,1,0
BRDA:228,21,0,0
BRDA:228,21,1,1
BRDA:231,22,0,0
BRDA:231,22,1,1
BRDA:237,23,0,0
BRDA:237,23,1,1
BRDA:250,24,0,0
BRDA:250,24,1,1
BRDA:253,25,0,1
BRDA:253,25,1,0
BRDA:259,26,0,0
BRDA:259,26,1,0
BRDA:265,27,0,0
BRDA:265,27,1,0
BRDA:291,28,0,0
BRDA:291,28,1,5
BRDA:294,29,0,2
BRDA:294,29,1,3
BRDA:304,30,0,10
BRDA:304,30,1,5
BRDA:304,31,0,15
BRDA:304,31,1,10
BRDA:308,32,0,68
BRDA:308,32,1,1262
BRDA:324,33,0,0
BRDA:324,33,1,5
BRDA:332,34,0,34
BRDA:332,34,1,631
BRDA:342,35,0,0
BRDA:342,35,1,3
BRDA:374,36,0,0
BRDA:374,36,1,5
BRDA:377,37,0,2
BRDA:377,37,1,3
BRDA:386,38,0,13
BRDA:386,38,1,2
BRDA:386,39,0,15
BRDA:386,39,1,13
BRDA:390,40,0,115
BRDA:390,40,1,1937
BRDA:406,41,0,0
BRDA:406,41,1,2
BRDA:414,42,0,26
BRDA:414,42,1,373
BRDA:424,43,0,0
BRDA:424,43,1,3
BRDA:454,44,0,0
BRDA:454,44,1,8
BRDA:458,45,0,4
BRDA:458,45,1,4
BRDA:468,46,0,0
BRDA:468,46,1,4
BRDA:491,47,0,0
BRDA:491,47,1,4
BRDA:507,48,0,0
BRDA:507,48,1,24
BRDA:507,49,0,24
BRDA:507,49,1,18
BRDA:511,50,0,0
BRDA:511,50,1,0
BRDA:513,51,0,0
BRDA:513,51,1,0
BRDA:514,52,0,0
BRDA:514,52,1,0
BRDA:534,53,0,0
BRDA:534,53,1,24
BRDA:542,54,0,3225
BRDA:542,54,1,1271
BRDA:544,55,0,2067
BRDA:544,55,1,1158
BRDA:545,56,0,830
BRDA:545,56,1,1237
BRDA:559,57,0,0
BRDA:559,57,1,4
BRDA:566,58,0,419
BRDA:566,58,1,818
BRDA:589,59,0,5
BRDA:589,59,1,5
BRDA:602,60,0,0
BRDA:602,60,1,5
BRDA:607,61,0,2
BRDA:607,61,1,3
BRDA:633,62,0,0
BRDA:633,62,1,5
BRDA:638,63,0,1
BRDA:638,63,1,4
BRDA:658,64,0,0
BRDA:658,64,1,4
BRDA:663,65,0,1
BRDA:663,65,1,3
BRDA:687,66,0,4
BRDA:687,66,1,0
BRF:132
BRH:115
end_of_record
