TN:
SF:/home/student/Desktop/WordCloud18/wordcloud-test/myapp/app.js
FN:49,(anonymous_1)
FN:305,(anonymous_2)
FN:326,(anonymous_3)
FN:344,(anonymous_4)
FN:355,(anonymous_5)
FN:387,(anonymous_6)
FN:408,(anonymous_7)
FN:426,(anonymous_8)
FN:438,(anonymous_9)
FN:504,(anonymous_10)
FN:536,(anonymous_11)
FN:561,(anonymous_12)
FN:701,(anonymous_13)
FNF:13
FNH:13
FNDA:0,(anonymous_1)
FNDA:15,(anonymous_2)
FNDA:5,(anonymous_3)
FNDA:3,(anonymous_4)
FNDA:18,(anonymous_5)
FNDA:15,(anonymous_6)
FNDA:3,(anonymous_7)
FNDA:3,(anonymous_8)
FNDA:30,(anonymous_9)
FNDA:24,(anonymous_10)
FNDA:24,(anonymous_11)
FNDA:4,(anonymous_12)
FNDA:1,(anonymous_13)
DA:1,1
DA:2,1
DA:3,1
DA:4,1
DA:6,1
DA:17,1
DA:18,1
DA:19,1
DA:25,1
DA:26,1
DA:27,1
DA:28,1
DA:31,1
DA:33,1
DA:45,1
DA:46,1
DA:49,1
DA:50,1
DA:54,1
DA:55,1
DA:59,1
DA:60,1
DA:64,1
DA:65,1
DA:69,1
DA:70,1
DA:73,1
DA:74,1
DA:77,1
DA:78,1
DA:81,1
DA:82,1
DA:85,1
DA:86,1
DA:89,1
DA:90,1
DA:93,1
DA:94,1
DA:97,1
DA:98,1
DA:101,1
DA:102,4
DA:103,4
DA:104,2
DA:105,2
DA:106,2
DA:109,2
DA:117,2
DA:118,1
DA:120,2
DA:121,1
DA:123,1
DA:124,207
DA:125,1
DA:126,0
DA:128,1
DA:130,1
DA:132,1
DA:138,1
DA:139,7
DA:140,7
DA:141,7
DA:142,2
DA:143,2
DA:144,2
DA:145,2
DA:146,2
DA:147,0
DA:150,2
DA:153,5
DA:154,3
DA:155,3
DA:164,3
DA:165,1
DA:167,3
DA:168,1
DA:171,2
DA:172,321
DA:173,2
DA:174,0
DA:176,2
DA:178,2
DA:179,2
DA:180,0
DA:182,2
DA:184,2
DA:189,2
DA:190,1
DA:191,1
DA:199,1
DA:200,1
DA:202,1
DA:203,1
DA:206,0
DA:207,0
DA:208,0
DA:209,0
DA:211,0
DA:213,0
DA:214,0
DA:215,0
DA:217,0
DA:219,0
DA:224,1
DA:232,1
DA:233,1
DA:235,1
DA:236,0
DA:239,1
DA:240,290
DA:241,1
DA:242,0
DA:244,1
DA:246,1
DA:254,1
DA:255,1
DA:257,1
DA:258,1
DA:261,0
DA:262,0
DA:263,0
DA:264,0
DA:266,0
DA:268,0
DA:269,0
DA:270,0
DA:272,0
DA:274,0
DA:283,1
DA:284,5
DA:285,5
DA:286,5
DA:295,5
DA:296,1
DA:298,5
DA:299,2
DA:303,3
DA:304,3
DA:305,3
DA:306,15
DA:307,15
DA:308,15
DA:309,10
DA:310,10
DA:311,10
DA:312,1238
DA:313,66
DA:316,10
DA:319,5
DA:328,5
DA:329,1
DA:331,5
DA:332,5
DA:333,5
DA:334,5
DA:335,5
DA:336,619
DA:337,33
DA:341,5
DA:346,3
DA:347,1
DA:348,3
DA:349,3
DA:350,3
DA:351,15
DA:353,15
DA:354,3
DA:355,18
DA:356,3
DA:357,3
DA:364,1
DA:365,5
DA:366,5
DA:367,5
DA:368,5
DA:378,5
DA:379,1
DA:381,5
DA:382,2
DA:385,3
DA:386,3
DA:387,3
DA:388,15
DA:389,15
DA:390,15
DA:391,12
DA:392,12
DA:393,12
DA:394,1882
DA:395,111
DA:398,12
DA:401,3
DA:410,3
DA:411,1
DA:413,3
DA:414,3
DA:415,3
DA:416,3
DA:417,3
DA:418,569
DA:419,30
DA:423,3
DA:428,3
DA:429,1
DA:431,3
DA:432,3
DA:433,3
DA:434,15
DA:436,15
DA:437,3
DA:438,30
DA:439,3
DA:440,3
DA:447,1
DA:448,8
DA:458,8
DA:459,1
DA:461,8
DA:462,8
DA:463,4
DA:465,4
DA:472,4
DA:473,1
DA:475,4
DA:476,4
DA:477,4
DA:484,1
DA:485,4
DA:495,4
DA:496,1
DA:498,4
DA:499,4
DA:500,4
DA:501,4
DA:502,4
DA:504,4
DA:505,24
DA:506,48
DA:507,48
DA:509,24
DA:511,24
DA:512,1
DA:513,1
DA:514,1
DA:515,1
DA:516,1
DA:517,1
DA:518,1
DA:519,1
DA:522,1
DA:527,1
DA:530,24
DA:538,24
DA:539,1
DA:541,24
DA:542,24
DA:543,24
DA:544,24
DA:545,24
DA:546,4496
DA:547,3225
DA:548,3225
DA:549,2067
DA:550,830
DA:553,1237
DA:558,24
DA:563,4
DA:564,1
DA:566,4
DA:567,4
DA:568,24
DA:569,24
DA:570,1237
DA:571,419
DA:574,818
DA:578,4
DA:579,4
DA:580,818
DA:582,4
DA:583,4
DA:590,1
DA:591,10
DA:592,10
DA:593,10
DA:594,5
DA:606,5
DA:607,1
DA:609,5
DA:611,5
DA:612,2
DA:615,3
DA:616,3
DA:617,3
DA:619,3
DA:620,3
DA:625,5
DA:637,5
DA:638,1
DA:640,5
DA:642,5
DA:643,1
DA:646,4
DA:647,4
DA:650,4
DA:662,4
DA:663,1
DA:665,4
DA:667,4
DA:668,1
DA:671,3
DA:672,3
DA:674,3
DA:675,3
DA:677,3
DA:678,3
DA:679,3
DA:687,1
DA:688,4
DA:689,4
DA:690,4
DA:691,4
DA:692,4
DA:695,0
DA:696,0
DA:701,1
DA:702,1
LF:326
LH:298
BRDA:18,1,0,1
BRDA:18,1,1,1
BRDA:103,2,0,2
BRDA:103,2,1,2
BRDA:117,3,0,0
BRDA:117,3,1,2
BRDA:120,4,0,1
BRDA:120,4,1,1
BRDA:125,5,0,0
BRDA:125,5,1,1
BRDA:141,6,0,2
BRDA:141,6,1,5
BRDA:141,7,0,7
BRDA:141,7,1,5
BRDA:146,8,0,0
BRDA:146,8,1,2
BRDA:153,9,0,3
BRDA:153,9,1,2
BRDA:153,10,0,5
BRDA:153,10,1,3
BRDA:164,11,0,0
BRDA:164,11,1,3
BRDA:167,12,0,1
BRDA:167,12,1,2
BRDA:173,13,0,0
BRDA:173,13,1,2
BRDA:179,14,0,0
BRDA:179,14,1,2
BRDA:189,15,0,1
BRDA:189,15,1,1
BRDA:189,16,0,2
BRDA:189,16,1,1
BRDA:199,17,0,0
BRDA:199,17,1,1
BRDA:202,18,0,1
BRDA:202,18,1,0
BRDA:208,19,0,0
BRDA:208,19,1,0
BRDA:214,20,0,0
BRDA:214,20,1,0
BRDA:232,21,0,0
BRDA:232,21,1,1
BRDA:235,22,0,0
BRDA:235,22,1,1
BRDA:241,23,0,0
BRDA:241,23,1,1
BRDA:254,24,0,0
BRDA:254,24,1,1
BRDA:257,25,0,1
BRDA:257,25,1,0
BRDA:263,26,0,0
BRDA:263,26,1,0
BRDA:269,27,0,0
BRDA:269,27,1,0
BRDA:295,28,0,0
BRDA:295,28,1,5
BRDA:298,29,0,2
BRDA:298,29,1,3
BRDA:308,30,0,10
BRDA:308,30,1,5
BRDA:308,31,0,15
BRDA:308,31,1,10
BRDA:312,32,0,66
BRDA:312,32,1,1172
BRDA:328,33,0,0
BRDA:328,33,1,5
BRDA:336,34,0,33
BRDA:336,34,1,586
BRDA:346,35,0,0
BRDA:346,35,1,3
BRDA:378,36,0,0
BRDA:378,36,1,5
BRDA:381,37,0,2
BRDA:381,37,1,3
BRDA:390,38,0,12
BRDA:390,38,1,3
BRDA:390,39,0,15
BRDA:390,39,1,12
BRDA:394,40,0,111
BRDA:394,40,1,1771
BRDA:410,41,0,0
BRDA:410,41,1,3
BRDA:418,42,0,30
BRDA:418,42,1,539
BRDA:428,43,0,0
BRDA:428,43,1,3
BRDA:458,44,0,0
BRDA:458,44,1,8
BRDA:462,45,0,4
BRDA:462,45,1,4
BRDA:472,46,0,0
BRDA:472,46,1,4
BRDA:495,47,0,0
BRDA:495,47,1,4
BRDA:511,48,0,0
BRDA:511,48,1,24
BRDA:511,49,0,24
BRDA:511,49,1,18
BRDA:515,50,0,0
BRDA:515,50,1,0
BRDA:517,51,0,0
BRDA:517,51,1,0
BRDA:518,52,0,0
BRDA:518,52,1,0
BRDA:538,53,0,0
BRDA:538,53,1,24
BRDA:546,54,0,3225
BRDA:546,54,1,1271
BRDA:548,55,0,2067
BRDA:548,55,1,1158
BRDA:549,56,0,830
BRDA:549,56,1,1237
BRDA:563,57,0,0
BRDA:563,57,1,4
BRDA:570,58,0,419
BRDA:570,58,1,818
BRDA:593,59,0,5
BRDA:593,59,1,5
BRDA:606,60,0,0
BRDA:606,60,1,5
BRDA:611,61,0,2
BRDA:611,61,1,3
BRDA:637,62,0,0
BRDA:637,62,1,5
BRDA:642,63,0,1
BRDA:642,63,1,4
BRDA:662,64,0,0
BRDA:662,64,1,4
BRDA:667,65,0,1
BRDA:667,65,1,3
BRDA:691,66,0,4
BRDA:691,66,1,0
BRF:132
BRH:115
end_of_record
